  SceneKDTrees.cpp
SceneKDTrees.obj : warning LNK4075: ignoring '/EDITANDCONTINUE' due to '/INCREMENTAL:NO' specification
MathGeoLib_d.lib(GJK.obj) : warning LNK4099: PDB 'MathGeoLib.pdb' was not found with 'MathGeoLib_d.lib(GJK.obj)' or at 'C:\Users\georg\Desktop\3d\KDTree\Source Code\vs2015\Debug\MathGeoLib.pdb'; linking object as if no debug info
MathGeoLib_d.lib(LCG.obj) : warning LNK4099: PDB 'MathGeoLib.pdb' was not found with 'MathGeoLib_d.lib(LCG.obj)' or at 'C:\Users\georg\Desktop\3d\KDTree\Source Code\vs2015\Debug\MathGeoLib.pdb'; linking object as if no debug info
MathGeoLib_d.lib(AABB.obj) : warning LNK4099: PDB 'MathGeoLib.pdb' was not found with 'MathGeoLib_d.lib(AABB.obj)' or at 'C:\Users\georg\Desktop\3d\KDTree\Source Code\vs2015\Debug\MathGeoLib.pdb'; linking object as if no debug info
MathGeoLib_d.lib(Capsule.obj) : warning LNK4099: PDB 'MathGeoLib.pdb' was not found with 'MathGeoLib_d.lib(Capsule.obj)' or at 'C:\Users\georg\Desktop\3d\KDTree\Source Code\vs2015\Debug\MathGeoLib.pdb'; linking object as if no debug info
MathGeoLib_d.lib(Circle.obj) : warning LNK4099: PDB 'MathGeoLib.pdb' was not found with 'MathGeoLib_d.lib(Circle.obj)' or at 'C:\Users\georg\Desktop\3d\KDTree\Source Code\vs2015\Debug\MathGeoLib.pdb'; linking object as if no debug info
MathGeoLib_d.lib(Frustum.obj) : warning LNK4099: PDB 'MathGeoLib.pdb' was not found with 'MathGeoLib_d.lib(Frustum.obj)' or at 'C:\Users\georg\Desktop\3d\KDTree\Source Code\vs2015\Debug\MathGeoLib.pdb'; linking object as if no debug info
MathGeoLib_d.lib(Line.obj) : warning LNK4099: PDB 'MathGeoLib.pdb' was not found with 'MathGeoLib_d.lib(Line.obj)' or at 'C:\Users\georg\Desktop\3d\KDTree\Source Code\vs2015\Debug\MathGeoLib.pdb'; linking object as if no debug info
MathGeoLib_d.lib(LineSegment.obj) : warning LNK4099: PDB 'MathGeoLib.pdb' was not found with 'MathGeoLib_d.lib(LineSegment.obj)' or at 'C:\Users\georg\Desktop\3d\KDTree\Source Code\vs2015\Debug\MathGeoLib.pdb'; linking object as if no debug info
MathGeoLib_d.lib(OBB.obj) : warning LNK4099: PDB 'MathGeoLib.pdb' was not found with 'MathGeoLib_d.lib(OBB.obj)' or at 'C:\Users\georg\Desktop\3d\KDTree\Source Code\vs2015\Debug\MathGeoLib.pdb'; linking object as if no debug info
MathGeoLib_d.lib(Plane.obj) : warning LNK4099: PDB 'MathGeoLib.pdb' was not found with 'MathGeoLib_d.lib(Plane.obj)' or at 'C:\Users\georg\Desktop\3d\KDTree\Source Code\vs2015\Debug\MathGeoLib.pdb'; linking object as if no debug info
MathGeoLib_d.lib(Polygon.obj) : warning LNK4099: PDB 'MathGeoLib.pdb' was not found with 'MathGeoLib_d.lib(Polygon.obj)' or at 'C:\Users\georg\Desktop\3d\KDTree\Source Code\vs2015\Debug\MathGeoLib.pdb'; linking object as if no debug info
MathGeoLib_d.lib(Polyhedron.obj) : warning LNK4099: PDB 'MathGeoLib.pdb' was not found with 'MathGeoLib_d.lib(Polyhedron.obj)' or at 'C:\Users\georg\Desktop\3d\KDTree\Source Code\vs2015\Debug\MathGeoLib.pdb'; linking object as if no debug info
MathGeoLib_d.lib(Ray.obj) : warning LNK4099: PDB 'MathGeoLib.pdb' was not found with 'MathGeoLib_d.lib(Ray.obj)' or at 'C:\Users\georg\Desktop\3d\KDTree\Source Code\vs2015\Debug\MathGeoLib.pdb'; linking object as if no debug info
MathGeoLib_d.lib(Sphere.obj) : warning LNK4099: PDB 'MathGeoLib.pdb' was not found with 'MathGeoLib_d.lib(Sphere.obj)' or at 'C:\Users\georg\Desktop\3d\KDTree\Source Code\vs2015\Debug\MathGeoLib.pdb'; linking object as if no debug info
MathGeoLib_d.lib(Triangle.obj) : warning LNK4099: PDB 'MathGeoLib.pdb' was not found with 'MathGeoLib_d.lib(Triangle.obj)' or at 'C:\Users\georg\Desktop\3d\KDTree\Source Code\vs2015\Debug\MathGeoLib.pdb'; linking object as if no debug info
MathGeoLib_d.lib(Callstack.obj) : warning LNK4099: PDB 'MathGeoLib.pdb' was not found with 'MathGeoLib_d.lib(Callstack.obj)' or at 'C:\Users\georg\Desktop\3d\KDTree\Source Code\vs2015\Debug\MathGeoLib.pdb'; linking object as if no debug info
MathGeoLib_d.lib(MathFunc.obj) : warning LNK4099: PDB 'MathGeoLib.pdb' was not found with 'MathGeoLib_d.lib(MathFunc.obj)' or at 'C:\Users\georg\Desktop\3d\KDTree\Source Code\vs2015\Debug\MathGeoLib.pdb'; linking object as if no debug info
MathGeoLib_d.lib(MathLog.obj) : warning LNK4099: PDB 'MathGeoLib.pdb' was not found with 'MathGeoLib_d.lib(MathLog.obj)' or at 'C:\Users\georg\Desktop\3d\KDTree\Source Code\vs2015\Debug\MathGeoLib.pdb'; linking object as if no debug info
MathGeoLib_d.lib(MathOps.obj) : warning LNK4099: PDB 'MathGeoLib.pdb' was not found with 'MathGeoLib_d.lib(MathOps.obj)' or at 'C:\Users\georg\Desktop\3d\KDTree\Source Code\vs2015\Debug\MathGeoLib.pdb'; linking object as if no debug info
MathGeoLib_d.lib(Polynomial.obj) : warning LNK4099: PDB 'MathGeoLib.pdb' was not found with 'MathGeoLib_d.lib(Polynomial.obj)' or at 'C:\Users\georg\Desktop\3d\KDTree\Source Code\vs2015\Debug\MathGeoLib.pdb'; linking object as if no debug info
MathGeoLib_d.lib(Quat.obj) : warning LNK4099: PDB 'MathGeoLib.pdb' was not found with 'MathGeoLib_d.lib(Quat.obj)' or at 'C:\Users\georg\Desktop\3d\KDTree\Source Code\vs2015\Debug\MathGeoLib.pdb'; linking object as if no debug info
MathGeoLib_d.lib(SSEMath.obj) : warning LNK4099: PDB 'MathGeoLib.pdb' was not found with 'MathGeoLib_d.lib(SSEMath.obj)' or at 'C:\Users\georg\Desktop\3d\KDTree\Source Code\vs2015\Debug\MathGeoLib.pdb'; linking object as if no debug info
MathGeoLib_d.lib(TransformOps.obj) : warning LNK4099: PDB 'MathGeoLib.pdb' was not found with 'MathGeoLib_d.lib(TransformOps.obj)' or at 'C:\Users\georg\Desktop\3d\KDTree\Source Code\vs2015\Debug\MathGeoLib.pdb'; linking object as if no debug info
MathGeoLib_d.lib(float2.obj) : warning LNK4099: PDB 'MathGeoLib.pdb' was not found with 'MathGeoLib_d.lib(float2.obj)' or at 'C:\Users\georg\Desktop\3d\KDTree\Source Code\vs2015\Debug\MathGeoLib.pdb'; linking object as if no debug info
MathGeoLib_d.lib(float3.obj) : warning LNK4099: PDB 'MathGeoLib.pdb' was not found with 'MathGeoLib_d.lib(float3.obj)' or at 'C:\Users\georg\Desktop\3d\KDTree\Source Code\vs2015\Debug\MathGeoLib.pdb'; linking object as if no debug info
MathGeoLib_d.lib(float3x3.obj) : warning LNK4099: PDB 'MathGeoLib.pdb' was not found with 'MathGeoLib_d.lib(float3x3.obj)' or at 'C:\Users\georg\Desktop\3d\KDTree\Source Code\vs2015\Debug\MathGeoLib.pdb'; linking object as if no debug info
MathGeoLib_d.lib(float3x4.obj) : warning LNK4099: PDB 'MathGeoLib.pdb' was not found with 'MathGeoLib_d.lib(float3x4.obj)' or at 'C:\Users\georg\Desktop\3d\KDTree\Source Code\vs2015\Debug\MathGeoLib.pdb'; linking object as if no debug info
MathGeoLib_d.lib(float4.obj) : warning LNK4099: PDB 'MathGeoLib.pdb' was not found with 'MathGeoLib_d.lib(float4.obj)' or at 'C:\Users\georg\Desktop\3d\KDTree\Source Code\vs2015\Debug\MathGeoLib.pdb'; linking object as if no debug info
MathGeoLib_d.lib(float4x4.obj) : warning LNK4099: PDB 'MathGeoLib.pdb' was not found with 'MathGeoLib_d.lib(float4x4.obj)' or at 'C:\Users\georg\Desktop\3d\KDTree\Source Code\vs2015\Debug\MathGeoLib.pdb'; linking object as if no debug info
MathGeoLib_d.lib(Clock.obj) : warning LNK4099: PDB 'MathGeoLib.pdb' was not found with 'MathGeoLib_d.lib(Clock.obj)' or at 'C:\Users\georg\Desktop\3d\KDTree\Source Code\vs2015\Debug\MathGeoLib.pdb'; linking object as if no debug info
MathGeoLib_d.lib(grisu3.obj) : warning LNK4099: PDB 'MathGeoLib.pdb' was not found with 'MathGeoLib_d.lib(grisu3.obj)' or at 'C:\Users\georg\Desktop\3d\KDTree\Source Code\vs2015\Debug\MathGeoLib.pdb'; linking object as if no debug info
  GeoLab_07.vcxproj -> C:\Users\georg\Desktop\3d\KDTree\Source Code\vs2015\Debug\GeoLab_07-KDTrees.exe
  C:\VVRFramework\lib\platforms\qwindows.dll
  C:\VVRFramework\lib\platforms\qwindowsd.dll
  2 File(s) copied
